<?xml version="1.0" encoding="UTF-8"?>
<testsuite xmlns:xsi="http://www.w3.org/2001/XMLSchema-instance" xsi:noNamespaceSchemaLocation="https://maven.apache.org/surefire/maven-surefire-plugin/xsd/surefire-test-report-3.0.xsd" version="3.0" name="com.solvd.demo.ui.tests.UITest" time="140.8" tests="10" errors="0" skipped="0" failures="7">
  <properties>
[...]
</properties>
  <testcase name="sanity" classname="com.solvd.demo.ui.tests.UITest" time="0.099">
    <system-out><![CDATA[2025-10-21 06:27:02 CarinaListener [main] [INFO] 
=========== WebDriver configuration ===========
-------------- Driver capabilities ------------
===============================================

2025-10-21 06:27:03 TestRunRegistrar [main-1] [WARN] Reporting disabled: using no op test run registrar
2025-10-21 06:27:05 CarinaListener [main-1] [INFO] Set thread-count=1
2025-10-21 06:27:05 CarinaListener [main-1] [INFO] Set data-provider-thread-count=1
2025-10-21 06:27:05 CarinaListener [main-1] [INFO] CARINA_CORE_VERSION: 1.3.0
2025-10-21 06:27:05 R [main-1] [WARN] Override property for current test 'selenium_url=http://localhost:4444'!
2025-10-21 06:27:05 R [main-1] [WARN] Override property for current test 'url=https://anna-rybakova.42web.io'!
2025-10-21 06:27:05 R [main-1] [WARN] Override property for current test 'browser=chrome'!
2025-10-21 06:27:05 R [main-1] [WARN] Override property for current test 'capabilities.browserName=chrome'!
2025-10-21 06:27:05 R [main-1] [WARN] Override property for current test 'capabilities.platformName=Windows'!
2025-10-21 06:27:05 R [main-1] [WARN] Overridden 'capabilities.platformName=Windows' property will be used for current test!
2025-10-21 06:27:05 R [main-1] [WARN] Overridden 'browser=chrome' property will be used for current test!
2025-10-21 06:27:05 R [main-1] [WARN] Overridden 'capabilities.browserName=chrome' property will be used for current test!
2025-10-21 06:27:05 DriverFactory [main-1] [INFO] Starting driver session...
2025-10-21 06:27:05 R [main-1] [WARN] Overridden 'selenium_url=http://localhost:4444' property will be used for current test!
2025-10-21 06:27:09 DriverFactory [main-1] [INFO] Driver session started.
2025-10-21 06:27:10 TestRunRegistrar [main-1] [WARN] Reporting disabled: using no op test run registrar
2025-10-21 06:27:10 Messager [main-1] [INFO] TEST [Surefire test - sanity] STARTED at [06:27:10 2025-10-21]
2025-10-21 06:27:10 Messager [main-1] [INFO] TEST [Surefire test - sanity] PASSED at [06:27:10 2025-10-21]
]]></system-out>
  </testcase>
  <testcase name="testAvatarVisibilityAfterHideMenu" classname="com.solvd.demo.ui.tests.UITest" time="22.872">
    <failure message="no such element By.xpath: //button[class=&apos;hide-btn&apos;]&#10;For documentation on this error, please visit: https://www.selenium.dev/documentation/webdriver/troubleshooting/errors#no-such-element-exception&#10;Build info: version: &apos;4.13.0&apos;, revision: &apos;ba948ece5b*&apos;&#10;System info: os.name: &apos;Windows 11&apos;, os.arch: &apos;amd64&apos;, os.version: &apos;10.0&apos;, java.version: &apos;21.0.7&apos;&#10;Driver info: driver.version: unknown" type="org.openqa.selenium.NoSuchElementException"><![CDATA[org.openqa.selenium.NoSuchElementException: 
no such element By.xpath: //button[class='hide-btn']
For documentation on this error, please visit: https://www.selenium.dev/documentation/webdriver/troubleshooting/errors#no-such-element-exception
Build info: version: '4.13.0', revision: 'ba948ece5b*'
System info: os.name: 'Windows 11', os.arch: 'amd64', os.version: '10.0', java.version: '21.0.7'
Driver info: driver.version: unknown
	at com.zebrunner.carina.webdriver.decorator.ExtendedWebElement.findElement(ExtendedWebElement.java:1774)
	at com.zebrunner.carina.webdriver.decorator.ExtendedWebElement.doAction(ExtendedWebElement.java:1430)
	at com.zebrunner.carina.webdriver.decorator.ExtendedWebElement.doAction(ExtendedWebElement.java:1407)
	at com.zebrunner.carina.webdriver.decorator.ExtendedWebElement.click(ExtendedWebElement.java:708)
	at com.zebrunner.carina.webdriver.decorator.ExtendedWebElement.click(ExtendedWebElement.java:688)
	at com.zebrunner.carina.webdriver.decorator.ExtendedWebElement.click(ExtendedWebElement.java:670)
	at com.solvd.demo.ui.pages.ElementsPage.clickHideMenu(ElementsPage.java:70)
	at com.solvd.demo.ui.tests.UITest.testAvatarVisibilityAfterHideMenu(UITest.java:52)
	at java.base/jdk.internal.reflect.DirectMethodHandleAccessor.invoke(DirectMethodHandleAccessor.java:103)
	at java.base/java.lang.reflect.Method.invoke(Method.java:580)
	at org.testng.internal.invokers.MethodInvocationHelper.invokeMethod(MethodInvocationHelper.java:139)
	at org.testng.internal.invokers.TestInvoker.invokeMethod(TestInvoker.java:664)
	at org.testng.internal.invokers.TestInvoker.invokeTestMethod(TestInvoker.java:227)
	at org.testng.internal.invokers.MethodRunner.runInSequence(MethodRunner.java:50)
	at org.testng.internal.invokers.TestInvoker$MethodInvocationAgent.invoke(TestInvoker.java:957)
	at org.testng.internal.invokers.TestInvoker.invokeTestMethods(TestInvoker.java:200)
	at org.testng.internal.invokers.TestMethodWorker.invokeTestMethods(TestMethodWorker.java:148)
	at org.testng.internal.invokers.TestMethodWorker.run(TestMethodWorker.java:128)
	at java.base/java.util.ArrayList.forEach(ArrayList.java:1596)
	at org.testng.TestRunner.privateRun(TestRunner.java:848)
	at org.testng.TestRunner.run(TestRunner.java:621)
	at org.testng.SuiteRunner.runTest(SuiteRunner.java:443)
	at org.testng.SuiteRunner.runSequentially(SuiteRunner.java:437)
	at org.testng.SuiteRunner.privateRun(SuiteRunner.java:397)
	at org.testng.SuiteRunner.run(SuiteRunner.java:336)
	at org.testng.SuiteRunnerWorker.runSuite(SuiteRunnerWorker.java:52)
	at org.testng.SuiteRunnerWorker.run(SuiteRunnerWorker.java:95)
	at org.testng.TestNG.runSuitesSequentially(TestNG.java:1280)
	at org.testng.TestNG.runSuitesLocally(TestNG.java:1200)
	at org.testng.TestNG.runSuites(TestNG.java:1114)
	at org.testng.TestNG.run(TestNG.java:1082)
	at org.apache.maven.surefire.testng.TestNGExecutor.run(TestNGExecutor.java:155)
	at org.apache.maven.surefire.testng.TestNGDirectoryTestSuite.executeSingleClass(TestNGDirectoryTestSuite.java:102)
	at org.apache.maven.surefire.testng.TestNGDirectoryTestSuite.execute(TestNGDirectoryTestSuite.java:91)
	at org.apache.maven.surefire.testng.TestNGProvider.invoke(TestNGProvider.java:137)
	at org.apache.maven.surefire.booter.ForkedBooter.runSuitesInProcess(ForkedBooter.java:385)
	at org.apache.maven.surefire.booter.ForkedBooter.execute(ForkedBooter.java:162)
	at org.apache.maven.surefire.booter.ForkedBooter.run(ForkedBooter.java:507)
	at org.apache.maven.surefire.booter.ForkedBooter.main(ForkedBooter.java:495)
]]></failure>
    <system-out><![CDATA[2025-10-21 06:27:10 TestRunRegistrar [main-1] [WARN] Reporting disabled: using no op test run registrar
2025-10-21 06:27:10 Messager [main-1] [INFO] TEST [Surefire test - testAvatarVisibilityAfterHideMenu] STARTED at [06:27:10 2025-10-21]
2025-10-21 06:27:10 Messager [main-1] [INFO] INFO: opening url 'https://anna-rybakova.42web.io'
2025-10-21 06:27:12 DriverListener [main-1] [INFO] Element 'knowMoreButton' is clicked.
2025-10-21 06:27:32 ExtendedWebElement [main-1] [ERROR] FAIL: click - waitCondition for element 'hideMenu (By.xpath: //button[class='hide-btn'])' not satisfied!
2025-10-21 06:27:33 Messager [main-1] [ERROR] TEST [Surefire test - testAvatarVisibilityAfterHideMenu] FAILED at [06:27:33 2025-10-21] - no such element By.xpath: //button[class='hide-btn']
For documentation on this error, please visit: https://www.selenium.dev/documentation/webdriver/troubleshooting/errors#no-such-element-exception
Build info: version: '4.13.0', revision: 'ba948ece5b*'
System info: os.name: 'Windows 11', os.arch: 'amd64', os.version: '10.0', java.version: '21.0.7'
Driver info: driver.version: unknown

com.zebrunner.carina.webdriver.decorator.ExtendedWebElement.findElement(ExtendedWebElement.java:1774)
com.zebrunner.carina.webdriver.decorator.ExtendedWebElement.doAction(ExtendedWebElement.java:1430)
com.zebrunner.carina.webdriver.decorator.ExtendedWebElement.doAction(ExtendedWebElement.java:1407)
com.zebrunner.carina.webdriver.decorator.ExtendedWebElement.click(ExtendedWebElement.java:708)
com.zebrunner.carina.webdriver.decorator.ExtendedWebElement.click(ExtendedWebElement.java:688)
com.zebrunner.carina.webdriver.decorator.ExtendedWebElement.click(ExtendedWebElement.java:670)
com.solvd.demo.ui.pages.ElementsPage.clickHideMenu(ElementsPage.java:70)
com.solvd.demo.ui.tests.UITest.testAvatarVisibilityAfterHideMenu(UITest.java:52)
java.base/jdk.internal.reflect.DirectMethodHandleAccessor.invoke(DirectMethodHandleAccessor.java:103)
java.base/java.lang.reflect.Method.invoke(Method.java:580)
org.testng.internal.invokers.MethodInvocationHelper.invokeMethod(MethodInvocationHelper.java:139)
org.testng.internal.invokers.TestInvoker.invokeMethod(TestInvoker.java:664)
org.testng.internal.invokers.TestInvoker.invokeTestMethod(TestInvoker.java:227)
org.testng.internal.invokers.MethodRunner.runInSequence(MethodRunner.java:50)
org.testng.internal.invokers.TestInvoker$MethodInvocationAgent.invoke(TestInvoker.java:957)
org.testng.internal.invokers.TestInvoker.invokeTestMethods(TestInvoker.java:200)
org.testng.internal.invokers.TestMethodWorker.invokeTestMethods(TestMethodWorker.java:148)
org.testng.internal.invokers.TestMethodWorker.run(TestMethodWorker.java:128)
java.base/java.util.ArrayList.forEach(ArrayList.java:1596)
org.testng.TestRunner.privateRun(TestRunner.java:848)
org.testng.TestRunner.run(TestRunner.java:621)
org.testng.SuiteRunner.runTest(SuiteRunner.java:443)
org.testng.SuiteRunner.runSequentially(SuiteRunner.java:437)
org.testng.SuiteRunner.privateRun(SuiteRunner.java:397)
org.testng.SuiteRunner.run(SuiteRunner.java:336)
org.testng.SuiteRunnerWorker.runSuite(SuiteRunnerWorker.java:52)
org.testng.SuiteRunnerWorker.run(SuiteRunnerWorker.java:95)
org.testng.TestNG.runSuitesSequentially(TestNG.java:1280)
org.testng.TestNG.runSuitesLocally(TestNG.java:1200)
org.testng.TestNG.runSuites(TestNG.java:1114)
org.testng.TestNG.run(TestNG.java:1082)
org.apache.maven.surefire.testng.TestNGExecutor.run(TestNGExecutor.java:155)
org.apache.maven.surefire.testng.TestNGDirectoryTestSuite.executeSingleClass(TestNGDirectoryTestSuite.java:102)
org.apache.maven.surefire.testng.TestNGDirectoryTestSuite.execute(TestNGDirectoryTestSuite.java:91)
org.apache.maven.surefire.testng.TestNGProvider.invoke(TestNGProvider.java:137)
org.apache.maven.surefire.booter.ForkedBooter.runSuitesInProcess(ForkedBooter.java:385)
org.apache.maven.surefire.booter.ForkedBooter.execute(ForkedBooter.java:162)
org.apache.maven.surefire.booter.ForkedBooter.run(ForkedBooter.java:507)
org.apache.maven.surefire.booter.ForkedBooter.main(ForkedBooter.java:495)
]]></system-out>
  </testcase>
  <testcase name="testAvatarVisibilityBeforeHideMenu" classname="com.solvd.demo.ui.tests.UITest" time="1.003">
    <failure message="stale element reference&#10;For documentation on this error, please visit: https://www.selenium.dev/documentation/webdriver/troubleshooting/errors#stale-element-reference-exception&#10;Build info: version: &apos;4.13.0&apos;, revision: &apos;ba948ece5b*&apos;&#10;System info: os.name: &apos;Windows 11&apos;, os.arch: &apos;amd64&apos;, os.version: &apos;10.0&apos;, java.version: &apos;21.0.7&apos;&#10;Driver info: driver.version: unknown" type="org.openqa.selenium.StaleElementReferenceException"><![CDATA[org.openqa.selenium.StaleElementReferenceException: 
stale element reference
For documentation on this error, please visit: https://www.selenium.dev/documentation/webdriver/troubleshooting/errors#stale-element-reference-exception
Build info: version: '4.13.0', revision: 'ba948ece5b*'
System info: os.name: 'Windows 11', os.arch: 'amd64', os.version: '10.0', java.version: '21.0.7'
Driver info: driver.version: unknown
	at com.zebrunner.carina.webdriver.decorator.ExtendedWebElement.isDisplayed(ExtendedWebElement.java:640)
	at com.solvd.demo.ui.pages.ElementsPage.isAvatarVisible(ElementsPage.java:74)
	at com.solvd.demo.ui.tests.UITest.testAvatarVisibilityBeforeHideMenu(UITest.java:41)
	at java.base/jdk.internal.reflect.DirectMethodHandleAccessor.invoke(DirectMethodHandleAccessor.java:103)
	at java.base/java.lang.reflect.Method.invoke(Method.java:580)
	at org.testng.internal.invokers.MethodInvocationHelper.invokeMethod(MethodInvocationHelper.java:139)
	at org.testng.internal.invokers.TestInvoker.invokeMethod(TestInvoker.java:664)
	at org.testng.internal.invokers.TestInvoker.invokeTestMethod(TestInvoker.java:227)
	at org.testng.internal.invokers.MethodRunner.runInSequence(MethodRunner.java:50)
	at org.testng.internal.invokers.TestInvoker$MethodInvocationAgent.invoke(TestInvoker.java:957)
	at org.testng.internal.invokers.TestInvoker.invokeTestMethods(TestInvoker.java:200)
	at org.testng.internal.invokers.TestMethodWorker.invokeTestMethods(TestMethodWorker.java:148)
	at org.testng.internal.invokers.TestMethodWorker.run(TestMethodWorker.java:128)
	at java.base/java.util.ArrayList.forEach(ArrayList.java:1596)
	at org.testng.TestRunner.privateRun(TestRunner.java:848)
	at org.testng.TestRunner.run(TestRunner.java:621)
	at org.testng.SuiteRunner.runTest(SuiteRunner.java:443)
	at org.testng.SuiteRunner.runSequentially(SuiteRunner.java:437)
	at org.testng.SuiteRunner.privateRun(SuiteRunner.java:397)
	at org.testng.SuiteRunner.run(SuiteRunner.java:336)
	at org.testng.SuiteRunnerWorker.runSuite(SuiteRunnerWorker.java:52)
	at org.testng.SuiteRunnerWorker.run(SuiteRunnerWorker.java:95)
	at org.testng.TestNG.runSuitesSequentially(TestNG.java:1280)
	at org.testng.TestNG.runSuitesLocally(TestNG.java:1200)
	at org.testng.TestNG.runSuites(TestNG.java:1114)
	at org.testng.TestNG.run(TestNG.java:1082)
	at org.apache.maven.surefire.testng.TestNGExecutor.run(TestNGExecutor.java:155)
	at org.apache.maven.surefire.testng.TestNGDirectoryTestSuite.executeSingleClass(TestNGDirectoryTestSuite.java:102)
	at org.apache.maven.surefire.testng.TestNGDirectoryTestSuite.execute(TestNGDirectoryTestSuite.java:91)
	at org.apache.maven.surefire.testng.TestNGProvider.invoke(TestNGProvider.java:137)
	at org.apache.maven.surefire.booter.ForkedBooter.runSuitesInProcess(ForkedBooter.java:385)
	at org.apache.maven.surefire.booter.ForkedBooter.execute(ForkedBooter.java:162)
	at org.apache.maven.surefire.booter.ForkedBooter.run(ForkedBooter.java:507)
	at org.apache.maven.surefire.booter.ForkedBooter.main(ForkedBooter.java:495)
]]></failure>
    <system-out><![CDATA[2025-10-21 06:27:33 TestRunRegistrar [main-1] [WARN] Reporting disabled: using no op test run registrar
2025-10-21 06:27:33 Messager [main-1] [INFO] TEST [Surefire test - testAvatarVisibilityBeforeHideMenu] STARTED at [06:27:33 2025-10-21]
2025-10-21 06:27:33 Messager [main-1] [INFO] INFO: opening url 'https://anna-rybakova.42web.io'
2025-10-21 06:27:34 DriverListener [main-1] [INFO] Element 'knowMoreButton' is clicked.
2025-10-21 06:27:34 Messager [main-1] [ERROR] TEST [Surefire test - testAvatarVisibilityBeforeHideMenu] FAILED at [06:27:34 2025-10-21] - stale element reference
For documentation on this error, please visit: https://www.selenium.dev/documentation/webdriver/troubleshooting/errors#stale-element-reference-exception
Build info: version: '4.13.0', revision: 'ba948ece5b*'
System info: os.name: 'Windows 11', os.arch: 'amd64', os.version: '10.0', java.version: '21.0.7'
Driver info: driver.version: unknown

com.zebrunner.carina.webdriver.decorator.ExtendedWebElement.isDisplayed(ExtendedWebElement.java:640)
com.solvd.demo.ui.pages.ElementsPage.isAvatarVisible(ElementsPage.java:74)
com.solvd.demo.ui.tests.UITest.testAvatarVisibilityBeforeHideMenu(UITest.java:41)
java.base/jdk.internal.reflect.DirectMethodHandleAccessor.invoke(DirectMethodHandleAccessor.java:103)
java.base/java.lang.reflect.Method.invoke(Method.java:580)
org.testng.internal.invokers.MethodInvocationHelper.invokeMethod(MethodInvocationHelper.java:139)
org.testng.internal.invokers.TestInvoker.invokeMethod(TestInvoker.java:664)
org.testng.internal.invokers.TestInvoker.invokeTestMethod(TestInvoker.java:227)
org.testng.internal.invokers.MethodRunner.runInSequence(MethodRunner.java:50)
org.testng.internal.invokers.TestInvoker$MethodInvocationAgent.invoke(TestInvoker.java:957)
org.testng.internal.invokers.TestInvoker.invokeTestMethods(TestInvoker.java:200)
org.testng.internal.invokers.TestMethodWorker.invokeTestMethods(TestMethodWorker.java:148)
org.testng.internal.invokers.TestMethodWorker.run(TestMethodWorker.java:128)
java.base/java.util.ArrayList.forEach(ArrayList.java:1596)
org.testng.TestRunner.privateRun(TestRunner.java:848)
org.testng.TestRunner.run(TestRunner.java:621)
org.testng.SuiteRunner.runTest(SuiteRunner.java:443)
org.testng.SuiteRunner.runSequentially(SuiteRunner.java:437)
org.testng.SuiteRunner.privateRun(SuiteRunner.java:397)
org.testng.SuiteRunner.run(SuiteRunner.java:336)
org.testng.SuiteRunnerWorker.runSuite(SuiteRunnerWorker.java:52)
org.testng.SuiteRunnerWorker.run(SuiteRunnerWorker.java:95)
org.testng.TestNG.runSuitesSequentially(TestNG.java:1280)
org.testng.TestNG.runSuitesLocally(TestNG.java:1200)
org.testng.TestNG.runSuites(TestNG.java:1114)
org.testng.TestNG.run(TestNG.java:1082)
org.apache.maven.surefire.testng.TestNGExecutor.run(TestNGExecutor.java:155)
org.apache.maven.surefire.testng.TestNGDirectoryTestSuite.executeSingleClass(TestNGDirectoryTestSuite.java:102)
org.apache.maven.surefire.testng.TestNGDirectoryTestSuite.execute(TestNGDirectoryTestSuite.java:91)
org.apache.maven.surefire.testng.TestNGProvider.invoke(TestNGProvider.java:137)
org.apache.maven.surefire.booter.ForkedBooter.runSuitesInProcess(ForkedBooter.java:385)
org.apache.maven.surefire.booter.ForkedBooter.execute(ForkedBooter.java:162)
org.apache.maven.surefire.booter.ForkedBooter.run(ForkedBooter.java:507)
org.apache.maven.surefire.booter.ForkedBooter.main(ForkedBooter.java:495)
]]></system-out>
  </testcase>
  <testcase name="testFormButtonDisabledThenEnabled" classname="com.solvd.demo.ui.tests.UITest" time="21.464">
    <failure message="no such element By.xpath: //button[class=&apos;form-btn&apos;]&#10;For documentation on this error, please visit: https://www.selenium.dev/documentation/webdriver/troubleshooting/errors#no-such-element-exception&#10;Build info: version: &apos;4.13.0&apos;, revision: &apos;ba948ece5b*&apos;&#10;System info: os.name: &apos;Windows 11&apos;, os.arch: &apos;amd64&apos;, os.version: &apos;10.0&apos;, java.version: &apos;21.0.7&apos;&#10;Driver info: driver.version: unknown" type="org.openqa.selenium.NoSuchElementException"><![CDATA[org.openqa.selenium.NoSuchElementException: 
no such element By.xpath: //button[class='form-btn']
For documentation on this error, please visit: https://www.selenium.dev/documentation/webdriver/troubleshooting/errors#no-such-element-exception
Build info: version: '4.13.0', revision: 'ba948ece5b*'
System info: os.name: 'Windows 11', os.arch: 'amd64', os.version: '10.0', java.version: '21.0.7'
Driver info: driver.version: unknown
	at com.zebrunner.carina.webdriver.decorator.ExtendedWebElement.findElement(ExtendedWebElement.java:1774)
	at com.zebrunner.carina.webdriver.decorator.ExtendedWebElement.doAction(ExtendedWebElement.java:1430)
	at com.zebrunner.carina.webdriver.decorator.ExtendedWebElement.getAttribute(ExtendedWebElement.java:609)
	at com.solvd.demo.ui.pages.ElementsPage.isFormButtonDisabled(ElementsPage.java:87)
	at com.solvd.demo.ui.tests.UITest.testFormButtonDisabledThenEnabled(UITest.java:84)
	at java.base/jdk.internal.reflect.DirectMethodHandleAccessor.invoke(DirectMethodHandleAccessor.java:103)
	at java.base/java.lang.reflect.Method.invoke(Method.java:580)
	at org.testng.internal.invokers.MethodInvocationHelper.invokeMethod(MethodInvocationHelper.java:139)
	at org.testng.internal.invokers.TestInvoker.invokeMethod(TestInvoker.java:664)
	at org.testng.internal.invokers.TestInvoker.invokeTestMethod(TestInvoker.java:227)
	at org.testng.internal.invokers.MethodRunner.runInSequence(MethodRunner.java:50)
	at org.testng.internal.invokers.TestInvoker$MethodInvocationAgent.invoke(TestInvoker.java:957)
	at org.testng.internal.invokers.TestInvoker.invokeTestMethods(TestInvoker.java:200)
	at org.testng.internal.invokers.TestMethodWorker.invokeTestMethods(TestMethodWorker.java:148)
	at org.testng.internal.invokers.TestMethodWorker.run(TestMethodWorker.java:128)
	at java.base/java.util.ArrayList.forEach(ArrayList.java:1596)
	at org.testng.TestRunner.privateRun(TestRunner.java:848)
	at org.testng.TestRunner.run(TestRunner.java:621)
	at org.testng.SuiteRunner.runTest(SuiteRunner.java:443)
	at org.testng.SuiteRunner.runSequentially(SuiteRunner.java:437)
	at org.testng.SuiteRunner.privateRun(SuiteRunner.java:397)
	at org.testng.SuiteRunner.run(SuiteRunner.java:336)
	at org.testng.SuiteRunnerWorker.runSuite(SuiteRunnerWorker.java:52)
	at org.testng.SuiteRunnerWorker.run(SuiteRunnerWorker.java:95)
	at org.testng.TestNG.runSuitesSequentially(TestNG.java:1280)
	at org.testng.TestNG.runSuitesLocally(TestNG.java:1200)
	at org.testng.TestNG.runSuites(TestNG.java:1114)
	at org.testng.TestNG.run(TestNG.java:1082)
	at org.apache.maven.surefire.testng.TestNGExecutor.run(TestNGExecutor.java:155)
	at org.apache.maven.surefire.testng.TestNGDirectoryTestSuite.executeSingleClass(TestNGDirectoryTestSuite.java:102)
	at org.apache.maven.surefire.testng.TestNGDirectoryTestSuite.execute(TestNGDirectoryTestSuite.java:91)
	at org.apache.maven.surefire.testng.TestNGProvider.invoke(TestNGProvider.java:137)
	at org.apache.maven.surefire.booter.ForkedBooter.runSuitesInProcess(ForkedBooter.java:385)
	at org.apache.maven.surefire.booter.ForkedBooter.execute(ForkedBooter.java:162)
	at org.apache.maven.surefire.booter.ForkedBooter.run(ForkedBooter.java:507)
	at org.apache.maven.surefire.booter.ForkedBooter.main(ForkedBooter.java:495)
]]></failure>
    <system-out><![CDATA[2025-10-21 06:27:34 TestRunRegistrar [main-1] [WARN] Reporting disabled: using no op test run registrar
2025-10-21 06:27:34 Messager [main-1] [INFO] TEST [Surefire test - testFormButtonDisabledThenEnabled] STARTED at [06:27:34 2025-10-21]
2025-10-21 06:27:34 Messager [main-1] [INFO] INFO: opening url 'https://anna-rybakova.42web.io'
2025-10-21 06:27:35 DriverListener [main-1] [INFO] Element 'knowMoreButton' is clicked.
2025-10-21 06:27:55 ExtendedWebElement [main-1] [ERROR] FAIL: get_attribute - waitCondition for element 'formButton (By.xpath: //button[class='form-btn'])' not satisfied!
2025-10-21 06:27:55 Messager [main-1] [ERROR] TEST [Surefire test - testFormButtonDisabledThenEnabled] FAILED at [06:27:55 2025-10-21] - no such element By.xpath: //button[class='form-btn']
For documentation on this error, please visit: https://www.selenium.dev/documentation/webdriver/troubleshooting/errors#no-such-element-exception
Build info: version: '4.13.0', revision: 'ba948ece5b*'
System info: os.name: 'Windows 11', os.arch: 'amd64', os.version: '10.0', java.version: '21.0.7'
Driver info: driver.version: unknown

com.zebrunner.carina.webdriver.decorator.ExtendedWebElement.findElement(ExtendedWebElement.java:1774)
com.zebrunner.carina.webdriver.decorator.ExtendedWebElement.doAction(ExtendedWebElement.java:1430)
com.zebrunner.carina.webdriver.decorator.ExtendedWebElement.getAttribute(ExtendedWebElement.java:609)
com.solvd.demo.ui.pages.ElementsPage.isFormButtonDisabled(ElementsPage.java:87)
com.solvd.demo.ui.tests.UITest.testFormButtonDisabledThenEnabled(UITest.java:84)
java.base/jdk.internal.reflect.DirectMethodHandleAccessor.invoke(DirectMethodHandleAccessor.java:103)
java.base/java.lang.reflect.Method.invoke(Method.java:580)
org.testng.internal.invokers.MethodInvocationHelper.invokeMethod(MethodInvocationHelper.java:139)
org.testng.internal.invokers.TestInvoker.invokeMethod(TestInvoker.java:664)
org.testng.internal.invokers.TestInvoker.invokeTestMethod(TestInvoker.java:227)
org.testng.internal.invokers.MethodRunner.runInSequence(MethodRunner.java:50)
org.testng.internal.invokers.TestInvoker$MethodInvocationAgent.invoke(TestInvoker.java:957)
org.testng.internal.invokers.TestInvoker.invokeTestMethods(TestInvoker.java:200)
org.testng.internal.invokers.TestMethodWorker.invokeTestMethods(TestMethodWorker.java:148)
org.testng.internal.invokers.TestMethodWorker.run(TestMethodWorker.java:128)
java.base/java.util.ArrayList.forEach(ArrayList.java:1596)
org.testng.TestRunner.privateRun(TestRunner.java:848)
org.testng.TestRunner.run(TestRunner.java:621)
org.testng.SuiteRunner.runTest(SuiteRunner.java:443)
org.testng.SuiteRunner.runSequentially(SuiteRunner.java:437)
org.testng.SuiteRunner.privateRun(SuiteRunner.java:397)
org.testng.SuiteRunner.run(SuiteRunner.java:336)
org.testng.SuiteRunnerWorker.runSuite(SuiteRunnerWorker.java:52)
org.testng.SuiteRunnerWorker.run(SuiteRunnerWorker.java:95)
org.testng.TestNG.runSuitesSequentially(TestNG.java:1280)
org.testng.TestNG.runSuitesLocally(TestNG.java:1200)
org.testng.TestNG.runSuites(TestNG.java:1114)
org.testng.TestNG.run(TestNG.java:1082)
org.apache.maven.surefire.testng.TestNGExecutor.run(TestNGExecutor.java:155)
org.apache.maven.surefire.testng.TestNGDirectoryTestSuite.executeSingleClass(TestNGDirectoryTestSuite.java:102)
org.apache.maven.surefire.testng.TestNGDirectoryTestSuite.execute(TestNGDirectoryTestSuite.java:91)
org.apache.maven.surefire.testng.TestNGProvider.invoke(TestNGProvider.java:137)
org.apache.maven.surefire.booter.ForkedBooter.runSuitesInProcess(ForkedBooter.java:385)
org.apache.maven.surefire.booter.ForkedBooter.execute(ForkedBooter.java:162)
org.apache.maven.surefire.booter.ForkedBooter.run(ForkedBooter.java:507)
org.apache.maven.surefire.booter.ForkedBooter.main(ForkedBooter.java:495)
]]></system-out>
  </testcase>
  <testcase name="testGemMenuActiveAfterClicking" classname="com.solvd.demo.ui.tests.UITest" time="21.144">
    <failure message="no such element By.xpath: //li[data-icon=&apos;gem&apos;]&#10;For documentation on this error, please visit: https://www.selenium.dev/documentation/webdriver/troubleshooting/errors#no-such-element-exception&#10;Build info: version: &apos;4.13.0&apos;, revision: &apos;ba948ece5b*&apos;&#10;System info: os.name: &apos;Windows 11&apos;, os.arch: &apos;amd64&apos;, os.version: &apos;10.0&apos;, java.version: &apos;21.0.7&apos;&#10;Driver info: driver.version: unknown" type="org.openqa.selenium.NoSuchElementException"><![CDATA[org.openqa.selenium.NoSuchElementException: 
no such element By.xpath: //li[data-icon='gem']
For documentation on this error, please visit: https://www.selenium.dev/documentation/webdriver/troubleshooting/errors#no-such-element-exception
Build info: version: '4.13.0', revision: 'ba948ece5b*'
System info: os.name: 'Windows 11', os.arch: 'amd64', os.version: '10.0', java.version: '21.0.7'
Driver info: driver.version: unknown
	at com.zebrunner.carina.webdriver.decorator.ExtendedWebElement.findElement(ExtendedWebElement.java:1774)
	at com.zebrunner.carina.webdriver.decorator.ExtendedWebElement.doAction(ExtendedWebElement.java:1430)
	at com.zebrunner.carina.webdriver.decorator.ExtendedWebElement.doAction(ExtendedWebElement.java:1407)
	at com.zebrunner.carina.webdriver.decorator.ExtendedWebElement.click(ExtendedWebElement.java:708)
	at com.zebrunner.carina.webdriver.decorator.ExtendedWebElement.click(ExtendedWebElement.java:688)
	at com.zebrunner.carina.webdriver.decorator.ExtendedWebElement.click(ExtendedWebElement.java:670)
	at com.solvd.demo.ui.pages.ElementsPage.clickGemMenu(ElementsPage.java:53)
	at com.solvd.demo.ui.tests.UITest.testGemMenuActiveAfterClicking(UITest.java:73)
	at java.base/jdk.internal.reflect.DirectMethodHandleAccessor.invoke(DirectMethodHandleAccessor.java:103)
	at java.base/java.lang.reflect.Method.invoke(Method.java:580)
	at org.testng.internal.invokers.MethodInvocationHelper.invokeMethod(MethodInvocationHelper.java:139)
	at org.testng.internal.invokers.TestInvoker.invokeMethod(TestInvoker.java:664)
	at org.testng.internal.invokers.TestInvoker.invokeTestMethod(TestInvoker.java:227)
	at org.testng.internal.invokers.MethodRunner.runInSequence(MethodRunner.java:50)
	at org.testng.internal.invokers.TestInvoker$MethodInvocationAgent.invoke(TestInvoker.java:957)
	at org.testng.internal.invokers.TestInvoker.invokeTestMethods(TestInvoker.java:200)
	at org.testng.internal.invokers.TestMethodWorker.invokeTestMethods(TestMethodWorker.java:148)
	at org.testng.internal.invokers.TestMethodWorker.run(TestMethodWorker.java:128)
	at java.base/java.util.ArrayList.forEach(ArrayList.java:1596)
	at org.testng.TestRunner.privateRun(TestRunner.java:848)
	at org.testng.TestRunner.run(TestRunner.java:621)
	at org.testng.SuiteRunner.runTest(SuiteRunner.java:443)
	at org.testng.SuiteRunner.runSequentially(SuiteRunner.java:437)
	at org.testng.SuiteRunner.privateRun(SuiteRunner.java:397)
	at org.testng.SuiteRunner.run(SuiteRunner.java:336)
	at org.testng.SuiteRunnerWorker.runSuite(SuiteRunnerWorker.java:52)
	at org.testng.SuiteRunnerWorker.run(SuiteRunnerWorker.java:95)
	at org.testng.TestNG.runSuitesSequentially(TestNG.java:1280)
	at org.testng.TestNG.runSuitesLocally(TestNG.java:1200)
	at org.testng.TestNG.runSuites(TestNG.java:1114)
	at org.testng.TestNG.run(TestNG.java:1082)
	at org.apache.maven.surefire.testng.TestNGExecutor.run(TestNGExecutor.java:155)
	at org.apache.maven.surefire.testng.TestNGDirectoryTestSuite.executeSingleClass(TestNGDirectoryTestSuite.java:102)
	at org.apache.maven.surefire.testng.TestNGDirectoryTestSuite.execute(TestNGDirectoryTestSuite.java:91)
	at org.apache.maven.surefire.testng.TestNGProvider.invoke(TestNGProvider.java:137)
	at org.apache.maven.surefire.booter.ForkedBooter.runSuitesInProcess(ForkedBooter.java:385)
	at org.apache.maven.surefire.booter.ForkedBooter.execute(ForkedBooter.java:162)
	at org.apache.maven.surefire.booter.ForkedBooter.run(ForkedBooter.java:507)
	at org.apache.maven.surefire.booter.ForkedBooter.main(ForkedBooter.java:495)
]]></failure>
    <system-out><![CDATA[2025-10-21 06:27:55 TestRunRegistrar [main-1] [WARN] Reporting disabled: using no op test run registrar
2025-10-21 06:27:55 Messager [main-1] [INFO] TEST [Surefire test - testGemMenuActiveAfterClicking] STARTED at [06:27:55 2025-10-21]
2025-10-21 06:27:55 Messager [main-1] [INFO] INFO: opening url 'https://anna-rybakova.42web.io'
2025-10-21 06:27:56 DriverListener [main-1] [INFO] Element 'knowMoreButton' is clicked.
2025-10-21 06:28:16 ExtendedWebElement [main-1] [ERROR] FAIL: click - waitCondition for element 'gemMenu (By.xpath: //li[data-icon='gem'])' not satisfied!
2025-10-21 06:28:17 Messager [main-1] [ERROR] TEST [Surefire test - testGemMenuActiveAfterClicking] FAILED at [06:28:17 2025-10-21] - no such element By.xpath: //li[data-icon='gem']
For documentation on this error, please visit: https://www.selenium.dev/documentation/webdriver/troubleshooting/errors#no-such-element-exception
Build info: version: '4.13.0', revision: 'ba948ece5b*'
System info: os.name: 'Windows 11', os.arch: 'amd64', os.version: '10.0', java.version: '21.0.7'
Driver info: driver.version: unknown

com.zebrunner.carina.webdriver.decorator.ExtendedWebElement.findElement(ExtendedWebElement.java:1774)
com.zebrunner.carina.webdriver.decorator.ExtendedWebElement.doAction(ExtendedWebElement.java:1430)
com.zebrunner.carina.webdriver.decorator.ExtendedWebElement.doAction(ExtendedWebElement.java:1407)
com.zebrunner.carina.webdriver.decorator.ExtendedWebElement.click(ExtendedWebElement.java:708)
com.zebrunner.carina.webdriver.decorator.ExtendedWebElement.click(ExtendedWebElement.java:688)
com.zebrunner.carina.webdriver.decorator.ExtendedWebElement.click(ExtendedWebElement.java:670)
com.solvd.demo.ui.pages.ElementsPage.clickGemMenu(ElementsPage.java:53)
com.solvd.demo.ui.tests.UITest.testGemMenuActiveAfterClicking(UITest.java:73)
java.base/jdk.internal.reflect.DirectMethodHandleAccessor.invoke(DirectMethodHandleAccessor.java:103)
java.base/java.lang.reflect.Method.invoke(Method.java:580)
org.testng.internal.invokers.MethodInvocationHelper.invokeMethod(MethodInvocationHelper.java:139)
org.testng.internal.invokers.TestInvoker.invokeMethod(TestInvoker.java:664)
org.testng.internal.invokers.TestInvoker.invokeTestMethod(TestInvoker.java:227)
org.testng.internal.invokers.MethodRunner.runInSequence(MethodRunner.java:50)
org.testng.internal.invokers.TestInvoker$MethodInvocationAgent.invoke(TestInvoker.java:957)
org.testng.internal.invokers.TestInvoker.invokeTestMethods(TestInvoker.java:200)
org.testng.internal.invokers.TestMethodWorker.invokeTestMethods(TestMethodWorker.java:148)
org.testng.internal.invokers.TestMethodWorker.run(TestMethodWorker.java:128)
java.base/java.util.ArrayList.forEach(ArrayList.java:1596)
org.testng.TestRunner.privateRun(TestRunner.java:848)
org.testng.TestRunner.run(TestRunner.java:621)
org.testng.SuiteRunner.runTest(SuiteRunner.java:443)
org.testng.SuiteRunner.runSequentially(SuiteRunner.java:437)
org.testng.SuiteRunner.privateRun(SuiteRunner.java:397)
org.testng.SuiteRunner.run(SuiteRunner.java:336)
org.testng.SuiteRunnerWorker.runSuite(SuiteRunnerWorker.java:52)
org.testng.SuiteRunnerWorker.run(SuiteRunnerWorker.java:95)
org.testng.TestNG.runSuitesSequentially(TestNG.java:1280)
org.testng.TestNG.runSuitesLocally(TestNG.java:1200)
org.testng.TestNG.runSuites(TestNG.java:1114)
org.testng.TestNG.run(TestNG.java:1082)
org.apache.maven.surefire.testng.TestNGExecutor.run(TestNGExecutor.java:155)
org.apache.maven.surefire.testng.TestNGDirectoryTestSuite.executeSingleClass(TestNGDirectoryTestSuite.java:102)
org.apache.maven.surefire.testng.TestNGDirectoryTestSuite.execute(TestNGDirectoryTestSuite.java:91)
org.apache.maven.surefire.testng.TestNGProvider.invoke(TestNGProvider.java:137)
org.apache.maven.surefire.booter.ForkedBooter.runSuitesInProcess(ForkedBooter.java:385)
org.apache.maven.surefire.booter.ForkedBooter.execute(ForkedBooter.java:162)
org.apache.maven.surefire.booter.ForkedBooter.run(ForkedBooter.java:507)
org.apache.maven.surefire.booter.ForkedBooter.main(ForkedBooter.java:495)
]]></system-out>
  </testcase>
  <testcase name="testGemMenuActiveBeforeClicking" classname="com.solvd.demo.ui.tests.UITest" time="21.1">
    <failure message="no such element By.xpath: //li[data-icon=&apos;gem&apos;]&#10;For documentation on this error, please visit: https://www.selenium.dev/documentation/webdriver/troubleshooting/errors#no-such-element-exception&#10;Build info: version: &apos;4.13.0&apos;, revision: &apos;ba948ece5b*&apos;&#10;System info: os.name: &apos;Windows 11&apos;, os.arch: &apos;amd64&apos;, os.version: &apos;10.0&apos;, java.version: &apos;21.0.7&apos;&#10;Driver info: driver.version: unknown" type="org.openqa.selenium.NoSuchElementException"><![CDATA[org.openqa.selenium.NoSuchElementException: 
no such element By.xpath: //li[data-icon='gem']
For documentation on this error, please visit: https://www.selenium.dev/documentation/webdriver/troubleshooting/errors#no-such-element-exception
Build info: version: '4.13.0', revision: 'ba948ece5b*'
System info: os.name: 'Windows 11', os.arch: 'amd64', os.version: '10.0', java.version: '21.0.7'
Driver info: driver.version: unknown
	at com.zebrunner.carina.webdriver.decorator.ExtendedWebElement.findElement(ExtendedWebElement.java:1774)
	at com.zebrunner.carina.webdriver.decorator.ExtendedWebElement.doAction(ExtendedWebElement.java:1430)
	at com.zebrunner.carina.webdriver.decorator.ExtendedWebElement.getAttribute(ExtendedWebElement.java:609)
	at com.solvd.demo.ui.pages.ElementsPage.getGemMenuClass(ElementsPage.java:48)
	at com.solvd.demo.ui.tests.UITest.testGemMenuActiveBeforeClicking(UITest.java:63)
	at java.base/jdk.internal.reflect.DirectMethodHandleAccessor.invoke(DirectMethodHandleAccessor.java:103)
	at java.base/java.lang.reflect.Method.invoke(Method.java:580)
	at org.testng.internal.invokers.MethodInvocationHelper.invokeMethod(MethodInvocationHelper.java:139)
	at org.testng.internal.invokers.TestInvoker.invokeMethod(TestInvoker.java:664)
	at org.testng.internal.invokers.TestInvoker.invokeTestMethod(TestInvoker.java:227)
	at org.testng.internal.invokers.MethodRunner.runInSequence(MethodRunner.java:50)
	at org.testng.internal.invokers.TestInvoker$MethodInvocationAgent.invoke(TestInvoker.java:957)
	at org.testng.internal.invokers.TestInvoker.invokeTestMethods(TestInvoker.java:200)
	at org.testng.internal.invokers.TestMethodWorker.invokeTestMethods(TestMethodWorker.java:148)
	at org.testng.internal.invokers.TestMethodWorker.run(TestMethodWorker.java:128)
	at java.base/java.util.ArrayList.forEach(ArrayList.java:1596)
	at org.testng.TestRunner.privateRun(TestRunner.java:848)
	at org.testng.TestRunner.run(TestRunner.java:621)
	at org.testng.SuiteRunner.runTest(SuiteRunner.java:443)
	at org.testng.SuiteRunner.runSequentially(SuiteRunner.java:437)
	at org.testng.SuiteRunner.privateRun(SuiteRunner.java:397)
	at org.testng.SuiteRunner.run(SuiteRunner.java:336)
	at org.testng.SuiteRunnerWorker.runSuite(SuiteRunnerWorker.java:52)
	at org.testng.SuiteRunnerWorker.run(SuiteRunnerWorker.java:95)
	at org.testng.TestNG.runSuitesSequentially(TestNG.java:1280)
	at org.testng.TestNG.runSuitesLocally(TestNG.java:1200)
	at org.testng.TestNG.runSuites(TestNG.java:1114)
	at org.testng.TestNG.run(TestNG.java:1082)
	at org.apache.maven.surefire.testng.TestNGExecutor.run(TestNGExecutor.java:155)
	at org.apache.maven.surefire.testng.TestNGDirectoryTestSuite.executeSingleClass(TestNGDirectoryTestSuite.java:102)
	at org.apache.maven.surefire.testng.TestNGDirectoryTestSuite.execute(TestNGDirectoryTestSuite.java:91)
	at org.apache.maven.surefire.testng.TestNGProvider.invoke(TestNGProvider.java:137)
	at org.apache.maven.surefire.booter.ForkedBooter.runSuitesInProcess(ForkedBooter.java:385)
	at org.apache.maven.surefire.booter.ForkedBooter.execute(ForkedBooter.java:162)
	at org.apache.maven.surefire.booter.ForkedBooter.run(ForkedBooter.java:507)
	at org.apache.maven.surefire.booter.ForkedBooter.main(ForkedBooter.java:495)
]]></failure>
    <system-out><![CDATA[2025-10-21 06:28:17 TestRunRegistrar [main-1] [WARN] Reporting disabled: using no op test run registrar
2025-10-21 06:28:17 Messager [main-1] [INFO] TEST [Surefire test - testGemMenuActiveBeforeClicking] STARTED at [06:28:17 2025-10-21]
2025-10-21 06:28:17 Messager [main-1] [INFO] INFO: opening url 'https://anna-rybakova.42web.io'
2025-10-21 06:28:17 DriverListener [main-1] [INFO] Element 'knowMoreButton' is clicked.
2025-10-21 06:28:37 ExtendedWebElement [main-1] [ERROR] FAIL: get_attribute - waitCondition for element 'gemMenu (By.xpath: //li[data-icon='gem'])' not satisfied!
2025-10-21 06:28:38 Messager [main-1] [ERROR] TEST [Surefire test - testGemMenuActiveBeforeClicking] FAILED at [06:28:38 2025-10-21] - no such element By.xpath: //li[data-icon='gem']
For documentation on this error, please visit: https://www.selenium.dev/documentation/webdriver/troubleshooting/errors#no-such-element-exception
Build info: version: '4.13.0', revision: 'ba948ece5b*'
System info: os.name: 'Windows 11', os.arch: 'amd64', os.version: '10.0', java.version: '21.0.7'
Driver info: driver.version: unknown

com.zebrunner.carina.webdriver.decorator.ExtendedWebElement.findElement(ExtendedWebElement.java:1774)
com.zebrunner.carina.webdriver.decorator.ExtendedWebElement.doAction(ExtendedWebElement.java:1430)
com.zebrunner.carina.webdriver.decorator.ExtendedWebElement.getAttribute(ExtendedWebElement.java:609)
com.solvd.demo.ui.pages.ElementsPage.getGemMenuClass(ElementsPage.java:48)
com.solvd.demo.ui.tests.UITest.testGemMenuActiveBeforeClicking(UITest.java:63)
java.base/jdk.internal.reflect.DirectMethodHandleAccessor.invoke(DirectMethodHandleAccessor.java:103)
java.base/java.lang.reflect.Method.invoke(Method.java:580)
org.testng.internal.invokers.MethodInvocationHelper.invokeMethod(MethodInvocationHelper.java:139)
org.testng.internal.invokers.TestInvoker.invokeMethod(TestInvoker.java:664)
org.testng.internal.invokers.TestInvoker.invokeTestMethod(TestInvoker.java:227)
org.testng.internal.invokers.MethodRunner.runInSequence(MethodRunner.java:50)
org.testng.internal.invokers.TestInvoker$MethodInvocationAgent.invoke(TestInvoker.java:957)
org.testng.internal.invokers.TestInvoker.invokeTestMethods(TestInvoker.java:200)
org.testng.internal.invokers.TestMethodWorker.invokeTestMethods(TestMethodWorker.java:148)
org.testng.internal.invokers.TestMethodWorker.run(TestMethodWorker.java:128)
java.base/java.util.ArrayList.forEach(ArrayList.java:1596)
org.testng.TestRunner.privateRun(TestRunner.java:848)
org.testng.TestRunner.run(TestRunner.java:621)
org.testng.SuiteRunner.runTest(SuiteRunner.java:443)
org.testng.SuiteRunner.runSequentially(SuiteRunner.java:437)
org.testng.SuiteRunner.privateRun(SuiteRunner.java:397)
org.testng.SuiteRunner.run(SuiteRunner.java:336)
org.testng.SuiteRunnerWorker.runSuite(SuiteRunnerWorker.java:52)
org.testng.SuiteRunnerWorker.run(SuiteRunnerWorker.java:95)
org.testng.TestNG.runSuitesSequentially(TestNG.java:1280)
org.testng.TestNG.runSuitesLocally(TestNG.java:1200)
org.testng.TestNG.runSuites(TestNG.java:1114)
org.testng.TestNG.run(TestNG.java:1082)
org.apache.maven.surefire.testng.TestNGExecutor.run(TestNGExecutor.java:155)
org.apache.maven.surefire.testng.TestNGDirectoryTestSuite.executeSingleClass(TestNGDirectoryTestSuite.java:102)
org.apache.maven.surefire.testng.TestNGDirectoryTestSuite.execute(TestNGDirectoryTestSuite.java:91)
org.apache.maven.surefire.testng.TestNGProvider.invoke(TestNGProvider.java:137)
org.apache.maven.surefire.booter.ForkedBooter.runSuitesInProcess(ForkedBooter.java:385)
org.apache.maven.surefire.booter.ForkedBooter.execute(ForkedBooter.java:162)
org.apache.maven.surefire.booter.ForkedBooter.run(ForkedBooter.java:507)
org.apache.maven.surefire.booter.ForkedBooter.main(ForkedBooter.java:495)
]]></system-out>
  </testcase>
  <testcase name="testHomePageLoading" classname="com.solvd.demo.ui.tests.UITest" time="0.293">
    <system-out><![CDATA[2025-10-21 06:28:38 TestRunRegistrar [main-1] [WARN] Reporting disabled: using no op test run registrar
2025-10-21 06:28:38 Messager [main-1] [INFO] TEST [Surefire test - testHomePageLoading] STARTED at [06:28:38 2025-10-21]
2025-10-21 06:28:38 Messager [main-1] [INFO] INFO: opening url 'https://anna-rybakova.42web.io'
2025-10-21 06:28:38 Messager [main-1] [INFO] TEST [Surefire test - testHomePageLoading] PASSED at [06:28:38 2025-10-21]
]]></system-out>
  </testcase>
  <testcase name="testKnowMoreButtonClickNavigatesToInner" classname="com.solvd.demo.ui.tests.UITest" time="0.41">
    <system-out><![CDATA[2025-10-21 06:28:38 TestRunRegistrar [main-1] [WARN] Reporting disabled: using no op test run registrar
2025-10-21 06:28:38 Messager [main-1] [INFO] TEST [Surefire test - testKnowMoreButtonClickNavigatesToInner] STARTED at [06:28:38 2025-10-21]
2025-10-21 06:28:38 Messager [main-1] [INFO] INFO: opening url 'https://anna-rybakova.42web.io'
2025-10-21 06:28:38 DriverListener [main-1] [INFO] Element 'knowMoreButton' is clicked.
2025-10-21 06:28:38 Messager [main-1] [INFO] TEST [Surefire test - testKnowMoreButtonClickNavigatesToInner] PASSED at [06:28:38 2025-10-21]
]]></system-out>
  </testcase>
  <testcase name="testScrollButtonBecomesVisible" classname="com.solvd.demo.ui.tests.UITest" time="21.479">
    <failure message="Scroll button should be visible after scrolling down! expected [true] but found [false]" type="java.lang.AssertionError"><![CDATA[java.lang.AssertionError: Scroll button should be visible after scrolling down! expected [true] but found [false]
	at org.testng.Assert.fail(Assert.java:111)
	at org.testng.Assert.failNotEquals(Assert.java:1578)
	at org.testng.Assert.assertTrue(Assert.java:57)
	at com.solvd.demo.ui.tests.UITest.testScrollButtonBecomesVisible(UITest.java:103)
	at java.base/jdk.internal.reflect.DirectMethodHandleAccessor.invoke(DirectMethodHandleAccessor.java:103)
	at java.base/java.lang.reflect.Method.invoke(Method.java:580)
	at org.testng.internal.invokers.MethodInvocationHelper.invokeMethod(MethodInvocationHelper.java:139)
	at org.testng.internal.invokers.TestInvoker.invokeMethod(TestInvoker.java:664)
	at org.testng.internal.invokers.TestInvoker.invokeTestMethod(TestInvoker.java:227)
	at org.testng.internal.invokers.MethodRunner.runInSequence(MethodRunner.java:50)
	at org.testng.internal.invokers.TestInvoker$MethodInvocationAgent.invoke(TestInvoker.java:957)
	at org.testng.internal.invokers.TestInvoker.invokeTestMethods(TestInvoker.java:200)
	at org.testng.internal.invokers.TestMethodWorker.invokeTestMethods(TestMethodWorker.java:148)
	at org.testng.internal.invokers.TestMethodWorker.run(TestMethodWorker.java:128)
	at java.base/java.util.ArrayList.forEach(ArrayList.java:1596)
	at org.testng.TestRunner.privateRun(TestRunner.java:848)
	at org.testng.TestRunner.run(TestRunner.java:621)
	at org.testng.SuiteRunner.runTest(SuiteRunner.java:443)
	at org.testng.SuiteRunner.runSequentially(SuiteRunner.java:437)
	at org.testng.SuiteRunner.privateRun(SuiteRunner.java:397)
	at org.testng.SuiteRunner.run(SuiteRunner.java:336)
	at org.testng.SuiteRunnerWorker.runSuite(SuiteRunnerWorker.java:52)
	at org.testng.SuiteRunnerWorker.run(SuiteRunnerWorker.java:95)
	at org.testng.TestNG.runSuitesSequentially(TestNG.java:1280)
	at org.testng.TestNG.runSuitesLocally(TestNG.java:1200)
	at org.testng.TestNG.runSuites(TestNG.java:1114)
	at org.testng.TestNG.run(TestNG.java:1082)
	at org.apache.maven.surefire.testng.TestNGExecutor.run(TestNGExecutor.java:155)
	at org.apache.maven.surefire.testng.TestNGDirectoryTestSuite.executeSingleClass(TestNGDirectoryTestSuite.java:102)
	at org.apache.maven.surefire.testng.TestNGDirectoryTestSuite.execute(TestNGDirectoryTestSuite.java:91)
	at org.apache.maven.surefire.testng.TestNGProvider.invoke(TestNGProvider.java:137)
	at org.apache.maven.surefire.booter.ForkedBooter.runSuitesInProcess(ForkedBooter.java:385)
	at org.apache.maven.surefire.booter.ForkedBooter.execute(ForkedBooter.java:162)
	at org.apache.maven.surefire.booter.ForkedBooter.run(ForkedBooter.java:507)
	at org.apache.maven.surefire.booter.ForkedBooter.main(ForkedBooter.java:495)
]]></failure>
    <system-out><![CDATA[2025-10-21 06:28:38 TestRunRegistrar [main-1] [WARN] Reporting disabled: using no op test run registrar
2025-10-21 06:28:38 Messager [main-1] [INFO] TEST [Surefire test - testScrollButtonBecomesVisible] STARTED at [06:28:38 2025-10-21]
2025-10-21 06:28:38 Messager [main-1] [INFO] INFO: opening url 'https://anna-rybakova.42web.io'
2025-10-21 06:28:39 DriverListener [main-1] [INFO] Element 'knowMoreButton' is clicked.
2025-10-21 06:29:00 Messager [main-1] [ERROR] TEST [Surefire test - testScrollButtonBecomesVisible] FAILED at [06:29:00 2025-10-21] - Scroll button should be visible after scrolling down! expected [true] but found [false]

org.testng.Assert.fail(Assert.java:111)
org.testng.Assert.failNotEquals(Assert.java:1578)
org.testng.Assert.assertTrue(Assert.java:57)
com.solvd.demo.ui.tests.UITest.testScrollButtonBecomesVisible(UITest.java:103)
java.base/jdk.internal.reflect.DirectMethodHandleAccessor.invoke(DirectMethodHandleAccessor.java:103)
java.base/java.lang.reflect.Method.invoke(Method.java:580)
org.testng.internal.invokers.MethodInvocationHelper.invokeMethod(MethodInvocationHelper.java:139)
org.testng.internal.invokers.TestInvoker.invokeMethod(TestInvoker.java:664)
org.testng.internal.invokers.TestInvoker.invokeTestMethod(TestInvoker.java:227)
org.testng.internal.invokers.MethodRunner.runInSequence(MethodRunner.java:50)
org.testng.internal.invokers.TestInvoker$MethodInvocationAgent.invoke(TestInvoker.java:957)
org.testng.internal.invokers.TestInvoker.invokeTestMethods(TestInvoker.java:200)
org.testng.internal.invokers.TestMethodWorker.invokeTestMethods(TestMethodWorker.java:148)
org.testng.internal.invokers.TestMethodWorker.run(TestMethodWorker.java:128)
java.base/java.util.ArrayList.forEach(ArrayList.java:1596)
org.testng.TestRunner.privateRun(TestRunner.java:848)
org.testng.TestRunner.run(TestRunner.java:621)
org.testng.SuiteRunner.runTest(SuiteRunner.java:443)
org.testng.SuiteRunner.runSequentially(SuiteRunner.java:437)
org.testng.SuiteRunner.privateRun(SuiteRunner.java:397)
org.testng.SuiteRunner.run(SuiteRunner.java:336)
org.testng.SuiteRunnerWorker.runSuite(SuiteRunnerWorker.java:52)
org.testng.SuiteRunnerWorker.run(SuiteRunnerWorker.java:95)
org.testng.TestNG.runSuitesSequentially(TestNG.java:1280)
org.testng.TestNG.runSuitesLocally(TestNG.java:1200)
org.testng.TestNG.runSuites(TestNG.java:1114)
org.testng.TestNG.run(TestNG.java:1082)
org.apache.maven.surefire.testng.TestNGExecutor.run(TestNGExecutor.java:155)
org.apache.maven.surefire.testng.TestNGDirectoryTestSuite.executeSingleClass(TestNGDirectoryTestSuite.java:102)
org.apache.maven.surefire.testng.TestNGDirectoryTestSuite.execute(TestNGDirectoryTestSuite.java:91)
org.apache.maven.surefire.testng.TestNGProvider.invoke(TestNGProvider.java:137)
org.apache.maven.surefire.booter.ForkedBooter.runSuitesInProcess(ForkedBooter.java:385)
org.apache.maven.surefire.booter.ForkedBooter.execute(ForkedBooter.java:162)
org.apache.maven.surefire.booter.ForkedBooter.run(ForkedBooter.java:507)
org.apache.maven.surefire.booter.ForkedBooter.main(ForkedBooter.java:495)
]]></system-out>
  </testcase>
  <testcase name="testScrollButtonScrollsUp" classname="com.solvd.demo.ui.tests.UITest" time="21.459">
    <failure message="Scroll button should be visible before clicking! expected [true] but found [false]" type="java.lang.AssertionError"><![CDATA[java.lang.AssertionError: Scroll button should be visible before clicking! expected [true] but found [false]
	at org.testng.Assert.fail(Assert.java:111)
	at org.testng.Assert.failNotEquals(Assert.java:1578)
	at org.testng.Assert.assertTrue(Assert.java:57)
	at com.solvd.demo.ui.tests.UITest.testScrollButtonScrollsUp(UITest.java:113)
	at java.base/jdk.internal.reflect.DirectMethodHandleAccessor.invoke(DirectMethodHandleAccessor.java:103)
	at java.base/java.lang.reflect.Method.invoke(Method.java:580)
	at org.testng.internal.invokers.MethodInvocationHelper.invokeMethod(MethodInvocationHelper.java:139)
	at org.testng.internal.invokers.TestInvoker.invokeMethod(TestInvoker.java:664)
	at org.testng.internal.invokers.TestInvoker.invokeTestMethod(TestInvoker.java:227)
	at org.testng.internal.invokers.MethodRunner.runInSequence(MethodRunner.java:50)
	at org.testng.internal.invokers.TestInvoker$MethodInvocationAgent.invoke(TestInvoker.java:957)
	at org.testng.internal.invokers.TestInvoker.invokeTestMethods(TestInvoker.java:200)
	at org.testng.internal.invokers.TestMethodWorker.invokeTestMethods(TestMethodWorker.java:148)
	at org.testng.internal.invokers.TestMethodWorker.run(TestMethodWorker.java:128)
	at java.base/java.util.ArrayList.forEach(ArrayList.java:1596)
	at org.testng.TestRunner.privateRun(TestRunner.java:848)
	at org.testng.TestRunner.run(TestRunner.java:621)
	at org.testng.SuiteRunner.runTest(SuiteRunner.java:443)
	at org.testng.SuiteRunner.runSequentially(SuiteRunner.java:437)
	at org.testng.SuiteRunner.privateRun(SuiteRunner.java:397)
	at org.testng.SuiteRunner.run(SuiteRunner.java:336)
	at org.testng.SuiteRunnerWorker.runSuite(SuiteRunnerWorker.java:52)
	at org.testng.SuiteRunnerWorker.run(SuiteRunnerWorker.java:95)
	at org.testng.TestNG.runSuitesSequentially(TestNG.java:1280)
	at org.testng.TestNG.runSuitesLocally(TestNG.java:1200)
	at org.testng.TestNG.runSuites(TestNG.java:1114)
	at org.testng.TestNG.run(TestNG.java:1082)
	at org.apache.maven.surefire.testng.TestNGExecutor.run(TestNGExecutor.java:155)
	at org.apache.maven.surefire.testng.TestNGDirectoryTestSuite.executeSingleClass(TestNGDirectoryTestSuite.java:102)
	at org.apache.maven.surefire.testng.TestNGDirectoryTestSuite.execute(TestNGDirectoryTestSuite.java:91)
	at org.apache.maven.surefire.testng.TestNGProvider.invoke(TestNGProvider.java:137)
	at org.apache.maven.surefire.booter.ForkedBooter.runSuitesInProcess(ForkedBooter.java:385)
	at org.apache.maven.surefire.booter.ForkedBooter.execute(ForkedBooter.java:162)
	at org.apache.maven.surefire.booter.ForkedBooter.run(ForkedBooter.java:507)
	at org.apache.maven.surefire.booter.ForkedBooter.main(ForkedBooter.java:495)
]]></failure>
    <system-out><![CDATA[2025-10-21 06:29:00 TestRunRegistrar [main-1] [WARN] Reporting disabled: using no op test run registrar
2025-10-21 06:29:00 Messager [main-1] [INFO] TEST [Surefire test - testScrollButtonScrollsUp] STARTED at [06:29:00 2025-10-21]
2025-10-21 06:29:00 Messager [main-1] [INFO] INFO: opening url 'https://anna-rybakova.42web.io'
2025-10-21 06:29:00 DriverListener [main-1] [INFO] Element 'knowMoreButton' is clicked.
2025-10-21 06:29:21 Messager [main-1] [ERROR] TEST [Surefire test - testScrollButtonScrollsUp] FAILED at [06:29:21 2025-10-21] - Scroll button should be visible before clicking! expected [true] but found [false]

org.testng.Assert.fail(Assert.java:111)
org.testng.Assert.failNotEquals(Assert.java:1578)
org.testng.Assert.assertTrue(Assert.java:57)
com.solvd.demo.ui.tests.UITest.testScrollButtonScrollsUp(UITest.java:113)
java.base/jdk.internal.reflect.DirectMethodHandleAccessor.invoke(DirectMethodHandleAccessor.java:103)
java.base/java.lang.reflect.Method.invoke(Method.java:580)
org.testng.internal.invokers.MethodInvocationHelper.invokeMethod(MethodInvocationHelper.java:139)
org.testng.internal.invokers.TestInvoker.invokeMethod(TestInvoker.java:664)
org.testng.internal.invokers.TestInvoker.invokeTestMethod(TestInvoker.java:227)
org.testng.internal.invokers.MethodRunner.runInSequence(MethodRunner.java:50)
org.testng.internal.invokers.TestInvoker$MethodInvocationAgent.invoke(TestInvoker.java:957)
org.testng.internal.invokers.TestInvoker.invokeTestMethods(TestInvoker.java:200)
org.testng.internal.invokers.TestMethodWorker.invokeTestMethods(TestMethodWorker.java:148)
org.testng.internal.invokers.TestMethodWorker.run(TestMethodWorker.java:128)
java.base/java.util.ArrayList.forEach(ArrayList.java:1596)
org.testng.TestRunner.privateRun(TestRunner.java:848)
org.testng.TestRunner.run(TestRunner.java:621)
org.testng.SuiteRunner.runTest(SuiteRunner.java:443)
org.testng.SuiteRunner.runSequentially(SuiteRunner.java:437)
org.testng.SuiteRunner.privateRun(SuiteRunner.java:397)
org.testng.SuiteRunner.run(SuiteRunner.java:336)
org.testng.SuiteRunnerWorker.runSuite(SuiteRunnerWorker.java:52)
org.testng.SuiteRunnerWorker.run(SuiteRunnerWorker.java:95)
org.testng.TestNG.runSuitesSequentially(TestNG.java:1280)
org.testng.TestNG.runSuitesLocally(TestNG.java:1200)
org.testng.TestNG.runSuites(TestNG.java:1114)
org.testng.TestNG.run(TestNG.java:1082)
org.apache.maven.surefire.testng.TestNGExecutor.run(TestNGExecutor.java:155)
org.apache.maven.surefire.testng.TestNGDirectoryTestSuite.executeSingleClass(TestNGDirectoryTestSuite.java:102)
org.apache.maven.surefire.testng.TestNGDirectoryTestSuite.execute(TestNGDirectoryTestSuite.java:91)
org.apache.maven.surefire.testng.TestNGProvider.invoke(TestNGProvider.java:137)
org.apache.maven.surefire.booter.ForkedBooter.runSuitesInProcess(ForkedBooter.java:385)
org.apache.maven.surefire.booter.ForkedBooter.execute(ForkedBooter.java:162)
org.apache.maven.surefire.booter.ForkedBooter.run(ForkedBooter.java:507)
org.apache.maven.surefire.booter.ForkedBooter.main(ForkedBooter.java:495)
]]></system-out>
  </testcase>
</testsuite>