<?xml version="1.0" encoding="UTF-8"?>
<testsuite xmlns:xsi="http://www.w3.org/2001/XMLSchema-instance" xsi:noNamespaceSchemaLocation="https://maven.apache.org/surefire/maven-surefire-plugin/xsd/surefire-test-report-3.0.xsd" version="3.0" name="TestSuite" time="74.889" tests="10" errors="0" skipped="0" failures="0">
  <properties>
[...]
</properties>
  <testcase name="testGetIP" classname="com.solvd.demo.HttpBinImperativeTests" time="9.862"/>
  <testcase name="testGetRequest" classname="com.solvd.demo.HttpBinImperativeTests" time="1.114">
    <system-out><![CDATA[{
    "args": {
        
    },
    "headers": {
        "Accept": "*/*",
        "Accept-Encoding": "gzip,deflate",
        "Host": "httpbin.org",
        "User-Agent": "Apache-HttpClient/4.5.13 (Java/21.0.7)",
        "X-Amzn-Trace-Id": "Root=1-68f00b1d-3afc95c405625c46734441f5"
    },
    "origin": "85.187.18.157",
    "url": "https://httpbin.org/get"
}
]]></system-out>
  </testcase>
  <testcase name="testGetUUID" classname="com.solvd.demo.HttpBinImperativeTests" time="1.984"/>
  <testcase name="testGetUserAgent" classname="com.solvd.demo.HttpBinImperativeTests" time="2.504"/>
  <testcase name="testStatus404" classname="com.solvd.demo.HttpBinImperativeTests" time="21.58"/>
  <testcase name="testDelay" classname="com.solvd.demo.HttpBinDeclarativeTests" time="7.27"/>
  <testcase name="testHeaders" classname="com.solvd.demo.HttpBinDeclarativeTests" time="16.966"/>
  <testcase name="testIP" classname="com.solvd.demo.HttpBinDeclarativeTests" time="0.807"/>
  <testcase name="testUUID" classname="com.solvd.demo.HttpBinDeclarativeTests" time="1.228"/>
  <testcase name="testUserAgent" classname="com.solvd.demo.HttpBinDeclarativeTests" time="10.268"/>
</testsuite>